<!DOCTYPE html PUBLIC "-//W3C//DTD XHTML 1.1//EN" "http://www.w3.org/TR/xhtml11/DTD/xhtml11.dtd">
<html xmlns="http://www.w3.org/1999/xhtml"><head><title>TestNG Report</title><style type="text/css">table {margin-bottom:10px;border-collapse:collapse;empty-cells:show}th,td {border:1px solid #009;padding:.25em .5em}th {vertical-align:bottom}td {vertical-align:top}table a {font-weight:bold}.stripe td {background-color: #E6EBF9}.num {text-align:right}.passedodd td {background-color: #3F3}.passedeven td {background-color: #0A0}.skippedodd td {background-color: #DDD}.skippedeven td {background-color: #CCC}.failedodd td,.attn {background-color: #F33}.failedeven td,.stripe .attn {background-color: #D00}.stacktrace {white-space:pre;font-family:monospace}.totop {font-size:85%;text-align:center;border-bottom:2px solid #000}</style></head><body><table><tr><th>Test</th><th># Passed</th><th># Skipped</th><th># Failed</th><th>Time (ms)</th><th>Included Groups</th><th>Excluded Groups</th></tr><tr><th colspan="7">suite #2</th></tr><tr><td><a href="#t0">test #2</a></td><td class="num">1</td><td class="num">0</td><td class="num attn">1</td><td class="num">13,784</td><td>test1</td><td></td></tr></table><table><thead><tr><th>Class</th><th>Method</th><th>Start</th><th>Time (ms)</th></tr></thead><tbody><tr><th colspan="4">suite #2</th></tr></tbody><tbody id="t0"><tr><th colspan="4">test #2 &#8212; failed</th></tr><tr class="failedeven"><td rowspan="1">com.nymgo.tests.NymgoTest</td><td><a href="#m0">testPhoneFiledOnJoinNowPage</a></td><td rowspan="1">1455037547731</td><td rowspan="1">3965</td></tr><tr><th colspan="4">test #2 &#8212; passed</th></tr><tr class="passedeven"><td rowspan="1">com.nymgo.tests.NymgoTest</td><td><a href="#m1">testEmailFiledOnJoinNowPage</a></td><td rowspan="1">1455037538012</td><td rowspan="1">9718</td></tr></tbody></table><h2>test #2</h2><h3 id="m0">com.nymgo.tests.NymgoTest#testPhoneFiledOnJoinNowPage</h3><table class="result"><tr><th>Exception</th></tr><tr><td><div class="stacktrace">org.openqa.selenium.NoSuchElementException: Unable to locate element: {&quot;method&quot;:&quot;xpath&quot;,&quot;selector&quot;:&quot;//input[@id=&apos;full_name-el&apos;]&quot;}
Command duration or timeout: 1.64 seconds
For documentation on this error, please visit: http://seleniumhq.org/exceptions/no_such_element.html
Build info: version: &apos;2.49.1&apos;, revision: &apos;808c23b0963853d375cbe54b90bbd052e2528a54&apos;, time: &apos;2016-01-21 09:37:52&apos;
System info: host: &apos;LWO1-LHP-F46693&apos;, ip: &apos;172.24.227.8&apos;, os.name: &apos;Windows 7&apos;, os.arch: &apos;amd64&apos;, os.version: &apos;6.1&apos;, java.version: &apos;1.8.0_65&apos;
Driver info: org.openqa.selenium.firefox.FirefoxDriver
Capabilities [{applicationCacheEnabled=true, rotatable=false, handlesAlerts=true, databaseEnabled=true, version=44.0.1, platform=WINDOWS, nativeEvents=false, acceptSslCerts=true, webStorageEnabled=true, locationContextEnabled=true, browserName=firefox, takesScreenshot=true, javascriptEnabled=true, cssSelectorsEnabled=true}]
Session ID: 0369a0d9-cfe6-475b-bf46-c85fc2132aba
*** Element info: {Using=xpath, value=//input[@id=&apos;full_name-el&apos;]}
	at org.openqa.selenium.remote.ErrorHandler.createThrowable(ErrorHandler.java:206)
	at org.openqa.selenium.remote.ErrorHandler.throwIfResponseFailed(ErrorHandler.java:158)
	at org.openqa.selenium.remote.RemoteWebDriver.execute(RemoteWebDriver.java:678)
	at org.openqa.selenium.remote.RemoteWebDriver.findElement(RemoteWebDriver.java:363)
	at org.openqa.selenium.remote.RemoteWebDriver.findElementByXPath(RemoteWebDriver.java:500)
	at org.openqa.selenium.By$ByXPath.findElement(By.java:361)
	at org.openqa.selenium.remote.RemoteWebDriver.findElement(RemoteWebDriver.java:355)
	at com.nymgo.pages.JoinNowPage.getInputFullName(JoinNowPage.java:27)
	at com.nymgo.pages.JoinNowPage.registerAsWrongUser(JoinNowPage.java:59)
	at com.nymgo.tests.NymgoTest.testPhoneFiledOnJoinNowPage(NymgoTest.java:48)
Caused by: org.openqa.selenium.NoSuchElementException: Unable to locate element: {&quot;method&quot;:&quot;xpath&quot;,&quot;selector&quot;:&quot;//input[@id=&apos;full_name-el&apos;]&quot;}
For documentation on this error, please visit: http://seleniumhq.org/exceptions/no_such_element.html
Build info: version: &apos;2.49.1&apos;, revision: &apos;808c23b0963853d375cbe54b90bbd052e2528a54&apos;, time: &apos;2016-01-21 09:37:52&apos;
System info: host: &apos;LWO1-LHP-F46693&apos;, ip: &apos;172.24.227.8&apos;, os.name: &apos;Windows 7&apos;, os.arch: &apos;amd64&apos;, os.version: &apos;6.1&apos;, java.version: &apos;1.8.0_65&apos;
Driver info: driver.version: unknown
	at &lt;anonymous class&gt;.FirefoxDriver.prototype.findElementInternal_(file:///C:/Users/DARIA~1.SHE/AppData/Local/Temp/anonymous6206334059398367745webdriver-profile/extensions/fxdriver@googlecode.com/components/driver-component.js:10681)
	at &lt;anonymous class&gt;.FirefoxDriver.prototype.findElement(file:///C:/Users/DARIA~1.SHE/AppData/Local/Temp/anonymous6206334059398367745webdriver-profile/extensions/fxdriver@googlecode.com/components/driver-component.js:10690)
	at &lt;anonymous class&gt;.DelayedCommand.prototype.executeInternal_/h(file:///C:/Users/DARIA~1.SHE/AppData/Local/Temp/anonymous6206334059398367745webdriver-profile/extensions/fxdriver@googlecode.com/components/command-processor.js:12557)
	at &lt;anonymous class&gt;.DelayedCommand.prototype.executeInternal_(file:///C:/Users/DARIA~1.SHE/AppData/Local/Temp/anonymous6206334059398367745webdriver-profile/extensions/fxdriver@googlecode.com/components/command-processor.js:12562)
	at &lt;anonymous class&gt;.DelayedCommand.prototype.execute/&lt;(file:///C:/Users/DARIA~1.SHE/AppData/Local/Temp/anonymous6206334059398367745webdriver-profile/extensions/fxdriver@googlecode.com/components/command-processor.js:12504)
... Removed 31 stack frames</div></td></tr></table><p class="totop"><a href="#summary">back to summary</a></p><h3 id="m1">com.nymgo.tests.NymgoTest#testEmailFiledOnJoinNowPage</h3><table class="result"></table><p class="totop"><a href="#summary">back to summary</a></p></body></html>