<?xml version="1.0" encoding="UTF-8"?>
<!-- Generated by org.testng.reporters.JUnitReportReporter -->
<testsuite hostname="LWO1-LHP-F46693" name="com.nymgo.tests.NymgoTest" tests="2" failures="0" timestamp="9 Feb 2016 17:05:55 GMT" time="13.683" errors="1">
  <testcase name="testEmailFiledOnJoinNowPage" time="9.718" classname="com.nymgo.tests.NymgoTest"/>
  <testcase name="testPhoneFiledOnJoinNowPage" time="3.965" classname="com.nymgo.tests.NymgoTest">
    <error type="org.openqa.selenium.NoSuchElementException" message="Unable to locate element: {&quot;method&quot;:&quot;xpath&quot;,&quot;selector&quot;:&quot;//input[@id=&#039;full_name-el&#039;]&quot;}
Command duration or timeout: 1.64 seconds
For documentation on this error, please visit: http://seleniumhq.org/exceptions/no_such_element.html
Build info: version: &#039;2.49.1&#039;, revision: &#039;808c23b0963853d375cbe54b90bbd052e2528a54&#039;, time: &#039;2016-01-21 09:37:52&#039;
System info: host: &#039;LWO1-LHP-F46693&#039;, ip: &#039;172.24.227.8&#039;, os.name: &#039;Windows 7&#039;, os.arch: &#039;amd64&#039;, os.version: &#039;6.1&#039;, java.version: &#039;1.8.0_65&#039;
Driver info: org.openqa.selenium.firefox.FirefoxDriver
Capabilities [{applicationCacheEnabled=true, rotatable=false, handlesAlerts=true, databaseEnabled=true, version=44.0.1, platform=WINDOWS, nativeEvents=false, acceptSslCerts=true, webStorageEnabled=true, locationContextEnabled=true, browserName=firefox, takesScreenshot=true, javascriptEnabled=true, cssSelectorsEnabled=true}]
Session ID: 0369a0d9-cfe6-475b-bf46-c85fc2132aba
*** Element info: {Using=xpath, value=//input[@id=&#039;full_name-el&#039;]}">
      <![CDATA[org.openqa.selenium.NoSuchElementException: Unable to locate element: {"method":"xpath","selector":"//input[@id='full_name-el']"}
Command duration or timeout: 1.64 seconds
For documentation on this error, please visit: http://seleniumhq.org/exceptions/no_such_element.html
Build info: version: '2.49.1', revision: '808c23b0963853d375cbe54b90bbd052e2528a54', time: '2016-01-21 09:37:52'
System info: host: 'LWO1-LHP-F46693', ip: '172.24.227.8', os.name: 'Windows 7', os.arch: 'amd64', os.version: '6.1', java.version: '1.8.0_65'
Driver info: org.openqa.selenium.firefox.FirefoxDriver
Capabilities [{applicationCacheEnabled=true, rotatable=false, handlesAlerts=true, databaseEnabled=true, version=44.0.1, platform=WINDOWS, nativeEvents=false, acceptSslCerts=true, webStorageEnabled=true, locationContextEnabled=true, browserName=firefox, takesScreenshot=true, javascriptEnabled=true, cssSelectorsEnabled=true}]
Session ID: 0369a0d9-cfe6-475b-bf46-c85fc2132aba
*** Element info: {Using=xpath, value=//input[@id='full_name-el']}
	at sun.reflect.NativeConstructorAccessorImpl.newInstance0(Native Method)
	at sun.reflect.NativeConstructorAccessorImpl.newInstance(NativeConstructorAccessorImpl.java:62)
	at sun.reflect.DelegatingConstructorAccessorImpl.newInstance(DelegatingConstructorAccessorImpl.java:45)
	at java.lang.reflect.Constructor.newInstance(Constructor.java:422)
	at org.openqa.selenium.remote.ErrorHandler.createThrowable(ErrorHandler.java:206)
	at org.openqa.selenium.remote.ErrorHandler.throwIfResponseFailed(ErrorHandler.java:158)
	at org.openqa.selenium.remote.RemoteWebDriver.execute(RemoteWebDriver.java:678)
	at org.openqa.selenium.remote.RemoteWebDriver.findElement(RemoteWebDriver.java:363)
	at org.openqa.selenium.remote.RemoteWebDriver.findElementByXPath(RemoteWebDriver.java:500)
	at org.openqa.selenium.By$ByXPath.findElement(By.java:361)
	at org.openqa.selenium.remote.RemoteWebDriver.findElement(RemoteWebDriver.java:355)
	at com.nymgo.pages.JoinNowPage.getInputFullName(JoinNowPage.java:27)
	at com.nymgo.pages.JoinNowPage.registerAsWrongUser(JoinNowPage.java:59)
	at com.nymgo.tests.NymgoTest.testPhoneFiledOnJoinNowPage(NymgoTest.java:48)
	at sun.reflect.NativeMethodAccessorImpl.invoke0(Native Method)
	at sun.reflect.NativeMethodAccessorImpl.invoke(NativeMethodAccessorImpl.java:62)
	at sun.reflect.DelegatingMethodAccessorImpl.invoke(DelegatingMethodAccessorImpl.java:43)
	at java.lang.reflect.Method.invoke(Method.java:497)
	at org.testng.internal.MethodInvocationHelper.invokeMethod(MethodInvocationHelper.java:86)
	at org.testng.internal.Invoker.invokeMethod(Invoker.java:643)
	at org.testng.internal.Invoker.invokeTestMethod(Invoker.java:820)
	at org.testng.internal.Invoker.invokeTestMethods(Invoker.java:1128)
	at org.testng.internal.TestMethodWorker.invokeTestMethods(TestMethodWorker.java:129)
	at org.testng.internal.TestMethodWorker.run(TestMethodWorker.java:112)
	at org.testng.TestRunner.privateRun(TestRunner.java:782)
	at org.testng.TestRunner.run(TestRunner.java:632)
	at org.testng.SuiteRunner.runTest(SuiteRunner.java:366)
	at org.testng.SuiteRunner.runSequentially(SuiteRunner.java:361)
	at org.testng.SuiteRunner.privateRun(SuiteRunner.java:319)
	at org.testng.SuiteRunner.run(SuiteRunner.java:268)
	at org.testng.SuiteRunnerWorker.runSuite(SuiteRunnerWorker.java:52)
	at org.testng.SuiteRunnerWorker.run(SuiteRunnerWorker.java:86)
	at org.testng.TestNG.runSuitesSequentially(TestNG.java:1244)
	at org.testng.TestNG.runSuitesLocally(TestNG.java:1169)
	at org.testng.TestNG.run(TestNG.java:1064)
	at org.apache.maven.surefire.testng.TestNGExecutor.run(TestNGExecutor.java:281)
	at org.apache.maven.surefire.testng.TestNGXmlTestSuite.execute(TestNGXmlTestSuite.java:75)
	at org.apache.maven.surefire.testng.TestNGProvider.invoke(TestNGProvider.java:121)
	at org.apache.maven.surefire.booter.ForkedBooter.invokeProviderInSameClassLoader(ForkedBooter.java:290)
	at org.apache.maven.surefire.booter.ForkedBooter.runSuitesInProcess(ForkedBooter.java:242)
	at org.apache.maven.surefire.booter.ForkedBooter.main(ForkedBooter.java:121)
Caused by: org.openqa.selenium.NoSuchElementException: Unable to locate element: {"method":"xpath","selector":"//input[@id='full_name-el']"}
For documentation on this error, please visit: http://seleniumhq.org/exceptions/no_such_element.html
Build info: version: '2.49.1', revision: '808c23b0963853d375cbe54b90bbd052e2528a54', time: '2016-01-21 09:37:52'
System info: host: 'LWO1-LHP-F46693', ip: '172.24.227.8', os.name: 'Windows 7', os.arch: 'amd64', os.version: '6.1', java.version: '1.8.0_65'
Driver info: driver.version: unknown
	at <anonymous class>.FirefoxDriver.prototype.findElementInternal_(file:///C:/Users/DARIA~1.SHE/AppData/Local/Temp/anonymous6206334059398367745webdriver-profile/extensions/fxdriver@googlecode.com/components/driver-component.js:10681)
	at <anonymous class>.FirefoxDriver.prototype.findElement(file:///C:/Users/DARIA~1.SHE/AppData/Local/Temp/anonymous6206334059398367745webdriver-profile/extensions/fxdriver@googlecode.com/components/driver-component.js:10690)
	at <anonymous class>.DelayedCommand.prototype.executeInternal_/h(file:///C:/Users/DARIA~1.SHE/AppData/Local/Temp/anonymous6206334059398367745webdriver-profile/extensions/fxdriver@googlecode.com/components/command-processor.js:12557)
	at <anonymous class>.DelayedCommand.prototype.executeInternal_(file:///C:/Users/DARIA~1.SHE/AppData/Local/Temp/anonymous6206334059398367745webdriver-profile/extensions/fxdriver@googlecode.com/components/command-processor.js:12562)
	at <anonymous class>.DelayedCommand.prototype.execute/<(file:///C:/Users/DARIA~1.SHE/AppData/Local/Temp/anonymous6206334059398367745webdriver-profile/extensions/fxdriver@googlecode.com/components/command-processor.js:12504)
]]>
    </error>
  </testcase> <!-- testPhoneFiledOnJoinNowPage -->
</testsuite> <!-- com.nymgo.tests.NymgoTest -->
